[0.368s] DEBUG:colcon:Command line arguments: ['/usr/bin/colcon', 'build']
[0.369s] DEBUG:colcon:Parsed command line arguments: Namespace(log_base=None, log_level=None, verb_name='build', build_base='build', install_base='install', merge_install=False, symlink_install=False, test_result_base=None, continue_on_error=False, executor='parallel', parallel_workers=8, event_handlers=None, ignore_user_meta=False, metas=['./colcon.meta'], base_paths=['.'], packages_ignore=None, packages_ignore_regex=None, paths=None, packages_up_to=None, packages_up_to_regex=None, packages_above=None, packages_above_and_dependencies=None, packages_above_depth=None, packages_select_by_dep=None, packages_skip_by_dep=None, packages_skip_up_to=None, packages_select_build_failed=False, packages_skip_build_finished=False, packages_select_test_failures=False, packages_skip_test_passed=False, packages_select=None, packages_skip=None, packages_select_regex=None, packages_skip_regex=None, packages_start=None, packages_end=None, allow_overriding=[], cmake_args=None, cmake_target=None, cmake_target_skip_unavailable=False, cmake_clean_cache=False, cmake_clean_first=False, cmake_force_configure=False, ament_cmake_args=None, catkin_cmake_args=None, catkin_skip_building_tests=False, verb_parser=<colcon_defaults.argument_parser.defaults.DefaultArgumentsDecorator object at 0x7feaf860fd60>, verb_extension=<colcon_core.verb.build.BuildVerb object at 0x7feaf8e42fe0>, main=<bound method BuildVerb.main of <colcon_core.verb.build.BuildVerb object at 0x7feaf8e42fe0>>)
[0.406s] Level 1:colcon.colcon_core.package_discovery:discover_packages(colcon_meta) check parameters
[0.406s] Level 1:colcon.colcon_core.package_discovery:discover_packages(recursive) check parameters
[0.407s] Level 1:colcon.colcon_core.package_discovery:discover_packages(ignore) check parameters
[0.407s] Level 1:colcon.colcon_core.package_discovery:discover_packages(path) check parameters
[0.407s] Level 1:colcon.colcon_core.package_discovery:discover_packages(colcon_meta) discover
[0.407s] Level 1:colcon.colcon_core.package_discovery:discover_packages(recursive) discover
[0.407s] INFO:colcon.colcon_core.package_discovery:Crawling recursively for packages in '/home/arwin/ros2_ws'
[0.407s] Level 1:colcon.colcon_core.package_identification:_identify(.) by extensions ['ignore', 'ignore_ament_install']
[0.407s] Level 1:colcon.colcon_core.package_identification:_identify(.) by extension 'ignore'
[0.407s] Level 1:colcon.colcon_core.package_identification:_identify(.) by extension 'ignore_ament_install'
[0.407s] Level 1:colcon.colcon_core.package_identification:_identify(.) by extensions ['colcon_pkg']
[0.407s] Level 1:colcon.colcon_core.package_identification:_identify(.) by extension 'colcon_pkg'
[0.407s] Level 1:colcon.colcon_core.package_identification:_identify(.) by extensions ['colcon_meta']
[0.407s] Level 1:colcon.colcon_core.package_identification:_identify(.) by extension 'colcon_meta'
[0.407s] Level 1:colcon.colcon_core.package_identification:_identify(.) by extensions ['ros']
[0.407s] Level 1:colcon.colcon_core.package_identification:_identify(.) by extension 'ros'
[0.419s] Level 1:colcon.colcon_core.package_identification:_identify(.) by extensions ['cmake', 'python']
[0.420s] Level 1:colcon.colcon_core.package_identification:_identify(.) by extension 'cmake'
[0.420s] Level 1:colcon.colcon_core.package_identification:_identify(.) by extension 'python'
[0.420s] Level 1:colcon.colcon_core.package_identification:_identify(.) by extensions ['python_setup_py']
[0.420s] Level 1:colcon.colcon_core.package_identification:_identify(.) by extension 'python_setup_py'
[0.420s] Level 1:colcon.colcon_core.package_identification:_identify(build) by extensions ['ignore', 'ignore_ament_install']
[0.420s] Level 1:colcon.colcon_core.package_identification:_identify(build) by extension 'ignore'
[0.420s] Level 1:colcon.colcon_core.package_identification:_identify(build) ignored
[0.420s] Level 1:colcon.colcon_core.package_identification:_identify(install) by extensions ['ignore', 'ignore_ament_install']
[0.420s] Level 1:colcon.colcon_core.package_identification:_identify(install) by extension 'ignore'
[0.420s] Level 1:colcon.colcon_core.package_identification:_identify(install) ignored
[0.420s] Level 1:colcon.colcon_core.package_identification:_identify(log) by extensions ['ignore', 'ignore_ament_install']
[0.420s] Level 1:colcon.colcon_core.package_identification:_identify(log) by extension 'ignore'
[0.420s] Level 1:colcon.colcon_core.package_identification:_identify(log) ignored
[0.421s] Level 1:colcon.colcon_core.package_identification:_identify(src) by extensions ['ignore', 'ignore_ament_install']
[0.421s] Level 1:colcon.colcon_core.package_identification:_identify(src) by extension 'ignore'
[0.421s] Level 1:colcon.colcon_core.package_identification:_identify(src) by extension 'ignore_ament_install'
[0.421s] Level 1:colcon.colcon_core.package_identification:_identify(src) by extensions ['colcon_pkg']
[0.421s] Level 1:colcon.colcon_core.package_identification:_identify(src) by extension 'colcon_pkg'
[0.421s] Level 1:colcon.colcon_core.package_identification:_identify(src) by extensions ['colcon_meta']
[0.421s] Level 1:colcon.colcon_core.package_identification:_identify(src) by extension 'colcon_meta'
[0.421s] Level 1:colcon.colcon_core.package_identification:_identify(src) by extensions ['ros']
[0.421s] Level 1:colcon.colcon_core.package_identification:_identify(src) by extension 'ros'
[0.421s] Level 1:colcon.colcon_core.package_identification:_identify(src) by extensions ['cmake', 'python']
[0.421s] Level 1:colcon.colcon_core.package_identification:_identify(src) by extension 'cmake'
[0.421s] Level 1:colcon.colcon_core.package_identification:_identify(src) by extension 'python'
[0.421s] Level 1:colcon.colcon_core.package_identification:_identify(src) by extensions ['python_setup_py']
[0.421s] Level 1:colcon.colcon_core.package_identification:_identify(src) by extension 'python_setup_py'
[0.421s] Level 1:colcon.colcon_core.package_identification:_identify(src/lidar_testnode) by extensions ['ignore', 'ignore_ament_install']
[0.421s] Level 1:colcon.colcon_core.package_identification:_identify(src/lidar_testnode) by extension 'ignore'
[0.422s] Level 1:colcon.colcon_core.package_identification:_identify(src/lidar_testnode) by extension 'ignore_ament_install'
[0.422s] Level 1:colcon.colcon_core.package_identification:_identify(src/lidar_testnode) by extensions ['colcon_pkg']
[0.422s] Level 1:colcon.colcon_core.package_identification:_identify(src/lidar_testnode) by extension 'colcon_pkg'
[0.422s] Level 1:colcon.colcon_core.package_identification:_identify(src/lidar_testnode) by extensions ['colcon_meta']
[0.422s] Level 1:colcon.colcon_core.package_identification:_identify(src/lidar_testnode) by extension 'colcon_meta'
[0.422s] Level 1:colcon.colcon_core.package_identification:_identify(src/lidar_testnode) by extensions ['ros']
[0.422s] Level 1:colcon.colcon_core.package_identification:_identify(src/lidar_testnode) by extension 'ros'
[0.425s] DEBUG:colcon.colcon_core.package_identification:Package 'src/lidar_testnode' with type 'ros.ament_python' and name 'lidar_testnode'
[0.425s] Level 1:colcon.colcon_core.package_discovery:discover_packages(recursive) using defaults
[0.425s] Level 1:colcon.colcon_core.package_discovery:discover_packages(ignore) discover
[0.425s] Level 1:colcon.colcon_core.package_discovery:discover_packages(ignore) using defaults
[0.425s] Level 1:colcon.colcon_core.package_discovery:discover_packages(path) discover
[0.425s] Level 1:colcon.colcon_core.package_discovery:discover_packages(path) using defaults
[0.451s] Level 1:colcon.colcon_core.package_discovery:discover_packages(prefix_path) check parameters
[0.451s] Level 1:colcon.colcon_core.package_discovery:discover_packages(prefix_path) discover
[0.453s] DEBUG:colcon.colcon_installed_package_information.package_discovery:Found 0 installed packages in /home/arwin/ros2_ws/install
[0.455s] DEBUG:colcon.colcon_installed_package_information.package_discovery:Found 281 installed packages in /opt/ros/iron
[0.456s] Level 1:colcon.colcon_core.package_discovery:discover_packages(prefix_path) using defaults
[0.515s] Level 5:colcon.colcon_core.verb:set package 'lidar_testnode' build argument 'cmake_args' from command line to 'None'
[0.515s] Level 5:colcon.colcon_core.verb:set package 'lidar_testnode' build argument 'cmake_target' from command line to 'None'
[0.515s] Level 5:colcon.colcon_core.verb:set package 'lidar_testnode' build argument 'cmake_target_skip_unavailable' from command line to 'False'
[0.515s] Level 5:colcon.colcon_core.verb:set package 'lidar_testnode' build argument 'cmake_clean_cache' from command line to 'False'
[0.515s] Level 5:colcon.colcon_core.verb:set package 'lidar_testnode' build argument 'cmake_clean_first' from command line to 'False'
[0.515s] Level 5:colcon.colcon_core.verb:set package 'lidar_testnode' build argument 'cmake_force_configure' from command line to 'False'
[0.515s] Level 5:colcon.colcon_core.verb:set package 'lidar_testnode' build argument 'ament_cmake_args' from command line to 'None'
[0.515s] Level 5:colcon.colcon_core.verb:set package 'lidar_testnode' build argument 'catkin_cmake_args' from command line to 'None'
[0.515s] Level 5:colcon.colcon_core.verb:set package 'lidar_testnode' build argument 'catkin_skip_building_tests' from command line to 'False'
[0.515s] DEBUG:colcon.colcon_core.verb:Building package 'lidar_testnode' with the following arguments: {'ament_cmake_args': None, 'build_base': '/home/arwin/ros2_ws/build/lidar_testnode', 'catkin_cmake_args': None, 'catkin_skip_building_tests': False, 'cmake_args': None, 'cmake_clean_cache': False, 'cmake_clean_first': False, 'cmake_force_configure': False, 'cmake_target': None, 'cmake_target_skip_unavailable': False, 'install_base': '/home/arwin/ros2_ws/install/lidar_testnode', 'merge_install': False, 'path': '/home/arwin/ros2_ws/src/lidar_testnode', 'symlink_install': False, 'test_result_base': None}
[0.516s] INFO:colcon.colcon_core.executor:Executing jobs using 'parallel' executor
[0.519s] DEBUG:colcon.colcon_parallel_executor.executor.parallel:run_until_complete
[0.519s] INFO:colcon.colcon_ros.task.ament_python.build:Building ROS package in '/home/arwin/ros2_ws/src/lidar_testnode' with build type 'ament_python'
[0.520s] Level 1:colcon.colcon_core.shell:create_environment_hook('lidar_testnode', 'ament_prefix_path')
[0.524s] INFO:colcon.colcon_core.plugin_system:Skipping extension 'colcon_core.shell.bat': Not used on non-Windows systems
[0.525s] INFO:colcon.colcon_core.shell:Creating environment hook '/home/arwin/ros2_ws/install/lidar_testnode/share/lidar_testnode/hook/ament_prefix_path.ps1'
[0.560s] INFO:colcon.colcon_core.shell:Creating environment descriptor '/home/arwin/ros2_ws/install/lidar_testnode/share/lidar_testnode/hook/ament_prefix_path.dsv'
[0.587s] INFO:colcon.colcon_core.shell:Creating environment hook '/home/arwin/ros2_ws/install/lidar_testnode/share/lidar_testnode/hook/ament_prefix_path.sh'
[0.591s] INFO:colcon.colcon_core.shell:Skip shell extension 'powershell' for command environment: Not usable outside of PowerShell
[0.591s] DEBUG:colcon.colcon_core.shell:Skip shell extension 'dsv' for command environment
[0.917s] INFO:colcon.colcon_core.task.python.build:Building Python package in '/home/arwin/ros2_ws/src/lidar_testnode'
[0.918s] INFO:colcon.colcon_core.shell:Skip shell extension 'powershell' for command environment: Not usable outside of PowerShell
[0.918s] DEBUG:colcon.colcon_core.shell:Skip shell extension 'dsv' for command environment
[2.083s] DEBUG:colcon.colcon_core.event_handler.log_command:Invoking command in '/home/arwin/ros2_ws/src/lidar_testnode': CONDA_PROMPT_MODIFIER=(base) PYTHONPATH=/home/arwin/ros2_ws/build/lidar_testnode/prefix_override:/home/arwin/ros2_ws/install/lidar_testnode/lib/python3.10/site-packages:${PYTHONPATH} /usr/bin/python3 setup.py egg_info --egg-base ../../build/lidar_testnode build --build-base /home/arwin/ros2_ws/build/lidar_testnode/build install --record /home/arwin/ros2_ws/build/lidar_testnode/install.log --single-version-externally-managed
[2.413s] DEBUG:colcon.colcon_core.event_handler.log_command:Invoked command in '/home/arwin/ros2_ws/src/lidar_testnode' returned '0': CONDA_PROMPT_MODIFIER=(base) PYTHONPATH=/home/arwin/ros2_ws/build/lidar_testnode/prefix_override:/home/arwin/ros2_ws/install/lidar_testnode/lib/python3.10/site-packages:${PYTHONPATH} /usr/bin/python3 setup.py egg_info --egg-base ../../build/lidar_testnode build --build-base /home/arwin/ros2_ws/build/lidar_testnode/build install --record /home/arwin/ros2_ws/build/lidar_testnode/install.log --single-version-externally-managed
[2.451s] Level 1:colcon.colcon_core.environment:checking '/home/arwin/ros2_ws/install/lidar_testnode' for CMake module files
[2.452s] Level 1:colcon.colcon_core.environment:checking '/home/arwin/ros2_ws/install/lidar_testnode' for CMake config files
[2.453s] Level 1:colcon.colcon_core.environment:checking '/home/arwin/ros2_ws/install/lidar_testnode/lib'
[2.453s] Level 1:colcon.colcon_core.environment:checking '/home/arwin/ros2_ws/install/lidar_testnode/bin'
[2.453s] Level 1:colcon.colcon_core.environment:checking '/home/arwin/ros2_ws/install/lidar_testnode/lib/pkgconfig/lidar_testnode.pc'
[2.453s] Level 1:colcon.colcon_core.environment:checking '/home/arwin/ros2_ws/install/lidar_testnode/lib/python3.10/site-packages'
[2.453s] Level 1:colcon.colcon_core.shell:create_environment_hook('lidar_testnode', 'pythonpath')
[2.455s] INFO:colcon.colcon_core.shell:Creating environment hook '/home/arwin/ros2_ws/install/lidar_testnode/share/lidar_testnode/hook/pythonpath.ps1'
[2.456s] INFO:colcon.colcon_core.shell:Creating environment descriptor '/home/arwin/ros2_ws/install/lidar_testnode/share/lidar_testnode/hook/pythonpath.dsv'
[2.456s] INFO:colcon.colcon_core.shell:Creating environment hook '/home/arwin/ros2_ws/install/lidar_testnode/share/lidar_testnode/hook/pythonpath.sh'
[2.457s] Level 1:colcon.colcon_core.environment:checking '/home/arwin/ros2_ws/install/lidar_testnode/bin'
[2.457s] Level 1:colcon.colcon_core.environment:create_environment_scripts_only(lidar_testnode)
[2.460s] INFO:colcon.colcon_core.shell:Creating package script '/home/arwin/ros2_ws/install/lidar_testnode/share/lidar_testnode/package.ps1'
[2.461s] INFO:colcon.colcon_core.shell:Creating package descriptor '/home/arwin/ros2_ws/install/lidar_testnode/share/lidar_testnode/package.dsv'
[2.461s] INFO:colcon.colcon_core.shell:Creating package script '/home/arwin/ros2_ws/install/lidar_testnode/share/lidar_testnode/package.sh'
[2.462s] INFO:colcon.colcon_core.shell:Creating package script '/home/arwin/ros2_ws/install/lidar_testnode/share/lidar_testnode/package.bash'
[2.463s] INFO:colcon.colcon_core.shell:Creating package script '/home/arwin/ros2_ws/install/lidar_testnode/share/lidar_testnode/package.zsh'
[2.463s] Level 1:colcon.colcon_core.environment:create_file_with_runtime_dependencies(/home/arwin/ros2_ws/install/lidar_testnode/share/colcon-core/packages/lidar_testnode)
[2.464s] DEBUG:colcon.colcon_parallel_executor.executor.parallel:closing loop
[2.464s] DEBUG:colcon.colcon_parallel_executor.executor.parallel:loop closed
[2.464s] DEBUG:colcon.colcon_parallel_executor.executor.parallel:run_until_complete finished with '0'
[2.464s] DEBUG:colcon.colcon_core.event_reactor:joining thread
[2.470s] INFO:colcon.colcon_core.plugin_system:Skipping extension 'colcon_notification.desktop_notification.terminal_notifier': Not used on non-Darwin systems
[2.470s] INFO:colcon.colcon_core.plugin_system:Skipping extension 'colcon_notification.desktop_notification.win32': Not used on non-Windows systems
[2.470s] INFO:colcon.colcon_notification.desktop_notification:Sending desktop notification using 'notify2'
[2.484s] DEBUG:colcon.colcon_core.event_reactor:joined thread
[2.486s] INFO:colcon.colcon_core.shell:Creating prefix script '/home/arwin/ros2_ws/install/local_setup.ps1'
[2.487s] INFO:colcon.colcon_core.shell:Creating prefix util module '/home/arwin/ros2_ws/install/_local_setup_util_ps1.py'
[2.489s] INFO:colcon.colcon_core.shell:Creating prefix chain script '/home/arwin/ros2_ws/install/setup.ps1'
[2.492s] INFO:colcon.colcon_core.shell:Creating prefix script '/home/arwin/ros2_ws/install/local_setup.sh'
[2.493s] INFO:colcon.colcon_core.shell:Creating prefix util module '/home/arwin/ros2_ws/install/_local_setup_util_sh.py'
[2.493s] INFO:colcon.colcon_core.shell:Creating prefix chain script '/home/arwin/ros2_ws/install/setup.sh'
[2.495s] INFO:colcon.colcon_core.shell:Creating prefix script '/home/arwin/ros2_ws/install/local_setup.bash'
[2.499s] INFO:colcon.colcon_core.shell:Creating prefix chain script '/home/arwin/ros2_ws/install/setup.bash'
[2.501s] INFO:colcon.colcon_core.shell:Creating prefix script '/home/arwin/ros2_ws/install/local_setup.zsh'
[2.502s] INFO:colcon.colcon_core.shell:Creating prefix chain script '/home/arwin/ros2_ws/install/setup.zsh'
